<<<<<<< HEAD
This is pdfTeX, Version 3.14159265-2.6-1.40.21 (TeX Live 2020) (preloaded format=pdflatex 2020.6.10)  15 JUN 2020 09:18
=======
This is pdfTeX, Version 3.14159265-2.6-1.40.21 (TeX Live 2020) (preloaded format=pdflatex 2020.6.10)  15 JUN 2020 09:13
>>>>>>> 606aaca5b46572743f2cd9ad553026d0bac3c936
entering extended mode
 restricted \write18 enabled.
 %&-line parsing enabled.
**SNSF-Togo_Manuel.tex
(./SNSF-Togo_Manuel.tex
LaTeX2e <2020-02-02> patch level 5
L3 programming layer <2020-06-03> (./krantz.cls
Document Class: krantz 2005/09/16 v1.4f Standard LaTeX document class
(/Users/gro1/Library/TinyTeX/texmf-dist/tex/latex/base/bk12.clo
File: bk12.clo 2019/12/20 v1.4l Standard LaTeX file (size option)
)
\trimheight=\dimen134
\trimwidth=\dimen135
\normaltextheight=\dimen136
\tempa=\dimen137
\tempdimen=\dimen138
\htrim=\dimen139
\vtrimtop=\dimen140
\vtrimbot=\dimen141
\ul@box=\box45
\ur@box=\box46
\ll@box=\box47
\lr@box=\box48
\@cipboxa=\box49
\@cipboxb=\box50
\@ciprulewidth=\dimen142
\c@part=\count167
\c@chapter=\count168
\c@section=\count169
\c@subsection=\count170
\c@subsubsection=\count171
\c@paragraph=\count172
\c@subparagraph=\count173
\secwd=\dimen143
\subsecwd=\dimen144
\subsubsecwd=\dimen145
\c@figure=\count174
\c@table=\count175
\abovecaptionskip=\skip47
\belowcaptionskip=\skip48
\c@numauthors=\count176
\section@toc@skip=\skip49
\SectionTOCWidth=\skip50
\subsection@toc@skip=\skip51
\SubSectionTOCWidth=\skip52
\subsubsection@toc@skip=\skip53
\SubSubSectionTOCWidth=\skip54
\paragraph@toc@skip=\skip55
\ParagraphTOCWidth=\skip56
\subparagraph@toc@skip=\skip57
\@AUonebox=\box51
\@AUtwobox=\box52
\@AUthreebox=\box53
\@AUfourbox=\box54
\@AUaffonebox=\box55
\@AUafftwobox=\box56
\@AUaffthreebox=\box57
\@AUafffourbox=\box58
\@finalAUboxfromone=\box59
\@finalAUboxfromtwo=\box60
\@finalAUboxfromthree=\box61
\@finalAUboxfromfour=\box62
\c@chaptocdepth=\count177
\bibindent=\dimen146
\tempbox=\box63
\nomenwidth=\dimen147
\@tablebox=\box64
\@tabletitlebox=\box65
\@tablewidth=\dimen148
\@tabletitlewidth=\dimen149
\max@tablewidth=\dimen150
\tempbox=\box66
\tempdimen=\dimen151
\tempbox=\box67
\notewidth=\dimen152
\wherebox=\box68
\wherewidth=\dimen153
\listtextleftmargin=\skip58
\listtextleftmarginii=\skip59
\listtextleftmarginiii=\skip60
\listtextrightmargin=\skip61
\listlabelleftskip=\skip62
\listlabelleftskipii=\skip63
\listlabelleftskipiii=\skip64
\abovelistskipi=\skip65
\belowlistskipi=\skip66
\abovelistskipii=\skip67
\belowlistskipii=\skip68
\abovelistskipiii=\skip69
\belowlistskipiii=\skip70
\labelsepi=\skip71
\labelsepii=\skip72
\labelsepiii=\skip73
\itemsepi=\skip74
\itemsepii=\skip75
\itemsepiii=\skip76
\enumdimwd=\dimen154
\enumdim=\dimen155
\concolwidth=\dimen156
\stempbox=\box69
) (/Users/gro1/Library/TinyTeX/texmf-dist/tex/latex/lm/lmodern.sty
Package: lmodern 2009/10/30 v1.6 Latin Modern Fonts
LaTeX Font Info:    Overwriting symbol font `operators' in version `normal'
(Font)                  OT1/cmr/m/n --> OT1/lmr/m/n on input line 22.
LaTeX Font Info:    Overwriting symbol font `letters' in version `normal'
(Font)                  OML/cmm/m/it --> OML/lmm/m/it on input line 23.
LaTeX Font Info:    Overwriting symbol font `symbols' in version `normal'
(Font)                  OMS/cmsy/m/n --> OMS/lmsy/m/n on input line 24.
LaTeX Font Info:    Overwriting symbol font `largesymbols' in version `normal'
(Font)                  OMX/cmex/m/n --> OMX/lmex/m/n on input line 25.
LaTeX Font Info:    Overwriting symbol font `operators' in version `bold'
(Font)                  OT1/cmr/bx/n --> OT1/lmr/bx/n on input line 26.
LaTeX Font Info:    Overwriting symbol font `letters' in version `bold'
(Font)                  OML/cmm/b/it --> OML/lmm/b/it on input line 27.
LaTeX Font Info:    Overwriting symbol font `symbols' in version `bold'
(Font)                  OMS/cmsy/b/n --> OMS/lmsy/b/n on input line 28.
LaTeX Font Info:    Overwriting symbol font `largesymbols' in version `bold'
(Font)                  OMX/cmex/m/n --> OMX/lmex/m/n on input line 29.
LaTeX Font Info:    Overwriting math alphabet `\mathbf' in version `normal'
(Font)                  OT1/cmr/bx/n --> OT1/lmr/bx/n on input line 31.
LaTeX Font Info:    Overwriting math alphabet `\mathsf' in version `normal'
(Font)                  OT1/cmss/m/n --> OT1/lmss/m/n on input line 32.
LaTeX Font Info:    Overwriting math alphabet `\mathit' in version `normal'
(Font)                  OT1/cmr/m/it --> OT1/lmr/m/it on input line 33.
LaTeX Font Info:    Overwriting math alphabet `\mathtt' in version `normal'
(Font)                  OT1/cmtt/m/n --> OT1/lmtt/m/n on input line 34.
LaTeX Font Info:    Overwriting math alphabet `\mathbf' in version `bold'
(Font)                  OT1/cmr/bx/n --> OT1/lmr/bx/n on input line 35.
LaTeX Font Info:    Overwriting math alphabet `\mathsf' in version `bold'
(Font)                  OT1/cmss/bx/n --> OT1/lmss/bx/n on input line 36.
LaTeX Font Info:    Overwriting math alphabet `\mathit' in version `bold'
(Font)                  OT1/cmr/bx/it --> OT1/lmr/bx/it on input line 37.
LaTeX Font Info:    Overwriting math alphabet `\mathtt' in version `bold'
(Font)                  OT1/cmtt/m/n --> OT1/lmtt/m/n on input line 38.
) (/Users/gro1/Library/TinyTeX/texmf-dist/tex/latex/amsfonts/amssymb.sty
Package: amssymb 2013/01/14 v3.01 AMS font symbols
(/Users/gro1/Library/TinyTeX/texmf-dist/tex/latex/amsfonts/amsfonts.sty
Package: amsfonts 2013/01/14 v3.01 Basic AMSFonts support
\@emptytoks=\toks15
\symAMSa=\mathgroup4
\symAMSb=\mathgroup5
LaTeX Font Info:    Redeclaring math symbol \hbar on input line 98.
LaTeX Font Info:    Overwriting math alphabet `\mathfrak' in version `bold'
(Font)                  U/euf/m/n --> U/euf/b/n on input line 106.
)) (/Users/gro1/Library/TinyTeX/texmf-dist/tex/latex/amsmath/amsmath.sty
Package: amsmath 2020/01/20 v2.17e AMS math features
\@mathmargin=\skip77
For additional information on amsmath, use the `?' option.
(/Users/gro1/Library/TinyTeX/texmf-dist/tex/latex/amsmath/amstext.sty
Package: amstext 2000/06/29 v2.01 AMS text
(/Users/gro1/Library/TinyTeX/texmf-dist/tex/latex/amsmath/amsgen.sty
File: amsgen.sty 1999/11/30 v2.0 generic functions
\@emptytoks=\toks16
\ex@=\dimen157
)) (/Users/gro1/Library/TinyTeX/texmf-dist/tex/latex/amsmath/amsbsy.sty
Package: amsbsy 1999/11/29 v1.2d Bold Symbols
\pmbraise@=\dimen158
) (/Users/gro1/Library/TinyTeX/texmf-dist/tex/latex/amsmath/amsopn.sty
Package: amsopn 2016/03/08 v2.02 operator names
)
\inf@bad=\count178
LaTeX Info: Redefining \frac on input line 227.
\uproot@=\count179
\leftroot@=\count180
LaTeX Info: Redefining \overline on input line 389.
\classnum@=\count181
\DOTSCASE@=\count182
LaTeX Info: Redefining \ldots on input line 486.
LaTeX Info: Redefining \dots on input line 489.
LaTeX Info: Redefining \cdots on input line 610.
\Mathstrutbox@=\box70
\strutbox@=\box71
\big@size=\dimen159
LaTeX Font Info:    Redeclaring font encoding OML on input line 733.
LaTeX Font Info:    Redeclaring font encoding OMS on input line 734.
\macc@depth=\count183
\c@MaxMatrixCols=\count184
\dotsspace@=\muskip16
\c@parentequation=\count185
\dspbrk@lvl=\count186
\tag@help=\toks17
\row@=\count187
\column@=\count188
\maxfields@=\count189
\andhelp@=\toks18
\eqnshift@=\dimen160
\alignsep@=\dimen161
\tagshift@=\dimen162
\tagwidth@=\dimen163
\totwidth@=\dimen164
\lineht@=\dimen165
\@envbody=\toks19
\multlinegap=\skip78
\multlinetaggap=\skip79
\mathdisplay@stack=\toks20
LaTeX Info: Redefining \[ on input line 2859.
LaTeX Info: Redefining \] on input line 2860.
) (/Users/gro1/Library/TinyTeX/texmf-dist/tex/generic/iftex/ifxetex.sty
Package: ifxetex 2019/10/25 v0.7 ifxetex legacy package. Use iftex instead.
(/Users/gro1/Library/TinyTeX/texmf-dist/tex/generic/iftex/iftex.sty
Package: iftex 2020/03/06 v1.0d TeX engine tests
)) (/Users/gro1/Library/TinyTeX/texmf-dist/tex/generic/iftex/ifluatex.sty
Package: ifluatex 2019/10/25 v1.5 ifluatex legacy package. Use iftex instead.
) (/Users/gro1/Library/TinyTeX/texmf-dist/tex/latex/base/fixltx2e.sty
Package: fixltx2e 2016/12/29 v2.1a fixes to LaTeX (obsolete)
Applying: [2015/01/01] Old fixltx2e package on input line 46.

Package fixltx2e Warning: fixltx2e is not required with releases after 2015
(fixltx2e)                All fixes are now in the LaTeX kernel.
(fixltx2e)                See the latexrelease package for details.

Already applied: [0000/00/00] Old fixltx2e package on input line 53.
) (/Users/gro1/Library/TinyTeX/texmf-dist/tex/latex/base/fontenc.sty
Package: fontenc 2020/02/11 v2.0o Standard LaTeX package
LaTeX Font Info:    Trying to load font information for T1+lmr on input line 11
2.
(/Users/gro1/Library/TinyTeX/texmf-dist/tex/latex/lm/t1lmr.fd
File: t1lmr.fd 2009/10/30 v1.6 Font defs for Latin Modern
)) (/Users/gro1/Library/TinyTeX/texmf-dist/tex/latex/base/inputenc.sty
Package: inputenc 2018/08/11 v1.3c Input encoding file
\inpenc@prehook=\toks21
\inpenc@posthook=\toks22
) (/Users/gro1/Library/TinyTeX/texmf-dist/tex/latex/base/textcomp.sty
Package: textcomp 2020/02/02 v2.0n Standard LaTeX package
) (/Users/gro1/Library/TinyTeX/texmf-dist/tex/latex/hyperref/hyperref.sty
Package: hyperref 2020-05-15 v7.00e Hypertext links for LaTeX
(/Users/gro1/Library/TinyTeX/texmf-dist/tex/generic/ltxcmds/ltxcmds.sty
Package: ltxcmds 2019/12/15 v1.24 LaTeX kernel commands for general use (HO)
) (/Users/gro1/Library/TinyTeX/texmf-dist/tex/latex/pdftexcmds/pdftexcmds.sty
Package: pdftexcmds 2020-06-04 v0.32 Utility functions of pdfTeX for LuaTeX (HO
)
(/Users/gro1/Library/TinyTeX/texmf-dist/tex/generic/infwarerr/infwarerr.sty
Package: infwarerr 2019/12/03 v1.5 Providing info/warning/error messages (HO)
)
Package pdftexcmds Info: \pdf@primitive is available.
Package pdftexcmds Info: \pdf@ifprimitive is available.
Package pdftexcmds Info: \pdfdraftmode found.
) (/Users/gro1/Library/TinyTeX/texmf-dist/tex/latex/graphics/keyval.sty
Package: keyval 2014/10/28 v1.15 key=value parser (DPC)
\KV@toks@=\toks23
) (/Users/gro1/Library/TinyTeX/texmf-dist/tex/generic/kvsetkeys/kvsetkeys.sty
Package: kvsetkeys 2019/12/15 v1.18 Key value parser (HO)
)
(/Users/gro1/Library/TinyTeX/texmf-dist/tex/generic/kvdefinekeys/kvdefinekeys.s
ty
Package: kvdefinekeys 2019-12-19 v1.6 Define keys (HO)
) (/Users/gro1/Library/TinyTeX/texmf-dist/tex/generic/pdfescape/pdfescape.sty
Package: pdfescape 2019/12/09 v1.15 Implements pdfTeX's escape features (HO)
) (/Users/gro1/Library/TinyTeX/texmf-dist/tex/latex/hycolor/hycolor.sty
Package: hycolor 2020-01-27 v1.10 Color options for hyperref/bookmark (HO)
) (/Users/gro1/Library/TinyTeX/texmf-dist/tex/latex/letltxmacro/letltxmacro.sty
Package: letltxmacro 2019/12/03 v1.6 Let assignment for LaTeX macros (HO)
) (/Users/gro1/Library/TinyTeX/texmf-dist/tex/latex/auxhook/auxhook.sty
Package: auxhook 2019-12-17 v1.6 Hooks for auxiliary files (HO)
) (/Users/gro1/Library/TinyTeX/texmf-dist/tex/latex/kvoptions/kvoptions.sty
Package: kvoptions 2019/11/29 v3.13 Key value format for package options (HO)
)
\@linkdim=\dimen166
\Hy@linkcounter=\count190
\Hy@pagecounter=\count191
(/Users/gro1/Library/TinyTeX/texmf-dist/tex/latex/hyperref/pd1enc.def
File: pd1enc.def 2020-05-15 v7.00e Hyperref: PDFDocEncoding definition (HO)
Now handling font encoding PD1 ...
... no UTF-8 mapping file for font encoding PD1
) (/Users/gro1/Library/TinyTeX/texmf-dist/tex/generic/intcalc/intcalc.sty
Package: intcalc 2019/12/15 v1.3 Expandable calculations with integers (HO)
) (/Users/gro1/Library/TinyTeX/texmf-dist/tex/generic/etexcmds/etexcmds.sty
Package: etexcmds 2019/12/15 v1.7 Avoid name clashes with e-TeX commands (HO)
)
\Hy@SavedSpaceFactor=\count192
Package hyperref Info: Option `unicode' set `true' on input line 4338.
(/Users/gro1/Library/TinyTeX/texmf-dist/tex/latex/hyperref/puenc.def
File: puenc.def 2020-05-15 v7.00e Hyperref: PDF Unicode definition (HO)
Now handling font encoding PU ...
... no UTF-8 mapping file for font encoding PU
)
Package hyperref Info: Hyper figures OFF on input line 4464.
Package hyperref Info: Link nesting OFF on input line 4469.
Package hyperref Info: Hyper index ON on input line 4472.
Package hyperref Info: Plain pages OFF on input line 4479.
Package hyperref Info: Backreferencing OFF on input line 4484.
Package hyperref Info: Implicit mode ON; LaTeX internals redefined.
Package hyperref Info: Bookmarks ON on input line 4717.
\c@Hy@tempcnt=\count193
(/Users/gro1/Library/TinyTeX/texmf-dist/tex/latex/url/url.sty
\Urlmuskip=\muskip17
Package: url 2013/09/16  ver 3.4  Verb mode for urls, etc.
)
LaTeX Info: Redefining \url on input line 5076.
\XeTeXLinkMargin=\dimen167
(/Users/gro1/Library/TinyTeX/texmf-dist/tex/generic/bitset/bitset.sty
Package: bitset 2019/12/09 v1.3 Handle bit-vector datatype (HO)
(/Users/gro1/Library/TinyTeX/texmf-dist/tex/generic/bigintcalc/bigintcalc.sty
Package: bigintcalc 2019/12/15 v1.5 Expandable calculations on big integers (HO
)
))
\Fld@menulength=\count194
\Field@Width=\dimen168
\Fld@charsize=\dimen169
Package hyperref Info: Hyper figures OFF on input line 6347.
Package hyperref Info: Link nesting OFF on input line 6352.
Package hyperref Info: Hyper index ON on input line 6355.
Package hyperref Info: backreferencing OFF on input line 6362.
Package hyperref Info: Link coloring OFF on input line 6367.
Package hyperref Info: Link coloring with OCG OFF on input line 6372.
Package hyperref Info: PDF/A mode OFF on input line 6377.
LaTeX Info: Redefining \ref on input line 6417.
LaTeX Info: Redefining \pageref on input line 6421.
(/Users/gro1/Library/TinyTeX/texmf-dist/tex/generic/atbegshi/atbegshi.sty
Package: atbegshi 2019/12/05 v1.19 At begin shipout hook (HO)
)
\Hy@abspage=\count195
\c@Item=\count196
\c@Hfootnote=\count197
)
Package hyperref Info: Driver (autodetected): hpdftex.
(/Users/gro1/Library/TinyTeX/texmf-dist/tex/latex/hyperref/hpdftex.def
File: hpdftex.def 2020-05-15 v7.00e Hyperref driver for pdfTeX
(/Users/gro1/Library/TinyTeX/texmf-dist/tex/latex/atveryend/atveryend.sty
Package: atveryend 2019-12-11 v1.11 Hooks at the very end of document (HO)
Package atveryend Info: \enddocument detected (standard20110627).
)
\Fld@listcount=\count198
\c@bookmark@seq@number=\count199

(/Users/gro1/Library/TinyTeX/texmf-dist/tex/latex/rerunfilecheck/rerunfilecheck
.sty
Package: rerunfilecheck 2019/12/05 v1.9 Rerun checks for auxiliary files (HO)

(/Users/gro1/Library/TinyTeX/texmf-dist/tex/generic/uniquecounter/uniquecounter
.sty
Package: uniquecounter 2019/12/15 v1.4 Provide unlimited unique counter (HO)
)
Package uniquecounter Info: New unique counter `rerunfilecheck' on input line 2
86.
)
\Hy@SectionHShift=\skip80
)
Package hyperref Info: Option `breaklinks' set `true' on input line 34.
(/Users/gro1/Library/TinyTeX/texmf-dist/tex/latex/graphics/color.sty
Package: color 2019/11/23 v1.2a Standard LaTeX Color (DPC)
(/Users/gro1/Library/TinyTeX/texmf-dist/tex/latex/graphics-cfg/color.cfg
File: color.cfg 2016/01/02 v1.6 sample color configuration
)
Package color Info: Driver file: pdftex.def on input line 147.
(/Users/gro1/Library/TinyTeX/texmf-dist/tex/latex/graphics-def/pdftex.def
File: pdftex.def 2018/01/08 v1.0l Graphics/color driver for pdftex
)) (/Users/gro1/Library/TinyTeX/texmf-dist/tex/latex/fancyvrb/fancyvrb.sty
Package: fancyvrb 2020/05/03 v3.6 verbatim text (tvz,hv)
\FV@CodeLineNo=\count266
\FV@InFile=\read2
\FV@TabBox=\box72
\c@FancyVerbLine=\count267
\FV@StepNumber=\count268
\FV@OutFile=\write3
) (/Users/gro1/Library/TinyTeX/texmf-dist/tex/latex/framed/framed.sty
Package: framed 2011/10/22 v 0.96: framed or shaded text with page breaks
\OuterFrameSep=\skip81
\fb@frw=\dimen170
\fb@frh=\dimen171
\FrameRule=\dimen172
\FrameSep=\dimen173
) (/Users/gro1/Library/TinyTeX/texmf-dist/tex/latex/tools/longtable.sty
Package: longtable 2020/01/07 v4.13 Multi-page Table package (DPC)
\LTleft=\skip82
\LTright=\skip83
\LTpre=\skip84
\LTpost=\skip85
\LTchunksize=\count269
\LTcapwidth=\dimen174
\LT@head=\box73
\LT@firsthead=\box74
\LT@foot=\box75
\LT@lastfoot=\box76
\LT@cols=\count270
\LT@rows=\count271
\c@LT@tables=\count272
\c@LT@chunks=\count273
\LT@p@ftn=\toks24
) (/Users/gro1/Library/TinyTeX/texmf-dist/tex/latex/booktabs/booktabs.sty
Package: booktabs 2020/01/12 v1.61803398 Publication quality tables
\heavyrulewidth=\dimen175
\lightrulewidth=\dimen176
\cmidrulewidth=\dimen177
\belowrulesep=\dimen178
\belowbottomsep=\dimen179
\aboverulesep=\dimen180
\abovetopsep=\dimen181
\cmidrulesep=\dimen182
\cmidrulekern=\dimen183
\defaultaddspace=\dimen184
\@cmidla=\count274
\@cmidlb=\count275
\@aboverulesep=\dimen185
\@belowrulesep=\dimen186
\@thisruleclass=\count276
\@lastruleclass=\count277
\@thisrulewidth=\dimen187
) (/Users/gro1/Library/TinyTeX/texmf-dist/tex/latex/mdwtools/footnote.sty
Package: footnote 1997/01/28 1.13 Save footnotes around boxes
\fn@notes=\box77
\fn@width=\dimen188
) (/Users/gro1/Library/TinyTeX/texmf-dist/tex/latex/graphics/graphicx.sty
Package: graphicx 2019/11/30 v1.2a Enhanced LaTeX Graphics (DPC,SPQR)
(/Users/gro1/Library/TinyTeX/texmf-dist/tex/latex/graphics/graphics.sty
Package: graphics 2019/11/30 v1.4a Standard LaTeX Graphics (DPC,SPQR)
(/Users/gro1/Library/TinyTeX/texmf-dist/tex/latex/graphics/trig.sty
Package: trig 2016/01/03 v1.10 sin cos tan (DPC)
) (/Users/gro1/Library/TinyTeX/texmf-dist/tex/latex/graphics-cfg/graphics.cfg
File: graphics.cfg 2016/06/04 v1.11 sample graphics configuration
)
Package graphics Info: Driver file: pdftex.def on input line 105.
)
\Gin@req@height=\dimen189
\Gin@req@width=\dimen190
) (/Users/gro1/Library/TinyTeX/texmf-dist/tex/latex/grffile/grffile.sty
Package: grffile 2019/11/11 v2.1 Extended file name support for graphics (legac
y)
Package grffile Info: This package is an empty stub for compatibility on input 
line 40.
) (/Users/gro1/Library/TinyTeX/texmf-dist/tex/latex/caption/caption.sty
Package: caption 2020/05/10 v3.4j Customizing captions (AR)
(/Users/gro1/Library/TinyTeX/texmf-dist/tex/latex/caption/caption3.sty
Package: caption3 2020/05/10 v1.11 caption3 kernel (AR)
Package caption3 Info: TeX engine: e-TeX on input line 61.
\captionmargin=\dimen191
\captionmargin@=\dimen192
\captionwidth=\dimen193
\caption@tempdima=\dimen194
\caption@indent=\dimen195
\caption@parindent=\dimen196
\caption@hangindent=\dimen197
Package caption Info: Unknown document class (or package),
(caption)             standard defaults will be used.
Package caption Info: \@makecaption = \long macro:#1#2->\vskip \abovecaptionski
p \sbox \@tempboxa {#1: #2}\ifdim \wd \@tempboxa >\hsize {\FigCapFont #1} #2\pa
r \else \global \@minipagefalse {\FigCapFont #1} #2\par \fi \vskip \belowcaptio
nskip  on input line 1053.
)

Package caption Warning: Unknown document class (or package),
(caption)                standard defaults will be used.
See the caption package documentation for explanation.

\c@caption@flags=\count278
\c@continuedfloat=\count279
Package caption Info: hyperref package is loaded.
Package caption Info: longtable package is loaded.
(/Users/gro1/Library/TinyTeX/texmf-dist/tex/latex/caption/ltcaption.sty
Package: ltcaption 2018/08/26 v1.4a longtable captions (AR)
))
   defining Unicode char U+2265 (decimal 8805)
   defining Unicode char U+2264 (decimal 8804)
   defining Unicode char U+251C (decimal 9500)
   defining Unicode char U+2500 (decimal 9472)
   defining Unicode char U+2514 (decimal 9492)
Package color Info: Redefining color shadecolor on input line 122.
(/Users/gro1/Library/TinyTeX/texmf-dist/tex/latex/base/makeidx.sty
Package: makeidx 2014/09/29 v1.0m Standard LaTeX package
)
\@indexfile=\write4
\openout4 = `SNSF-Togo_Manuel.idx'.

Writing index file SNSF-Togo_Manuel.idx
(/Users/gro1/Library/TinyTeX/texmf-dist/tex/latex/amscls/amsthm.sty
Package: amsthm 2020/05/29 v2.20.6
\thm@style=\toks25
\thm@bodyfont=\toks26
\thm@headfont=\toks27
\thm@notefont=\toks28
\thm@headpunct=\toks29
\thm@preskip=\skip86
\thm@postskip=\skip87
\thm@headsep=\skip88
\dth@everypar=\toks30
) (/Users/gro1/Library/TinyTeX/texmf-dist/tex/latex/tools/array.sty
Package: array 2019/08/31 v2.4l Tabular extension package (FMi)
\col@sep=\dimen198
\ar@mcellbox=\box78
\extrarowheight=\dimen199
\NC@list=\toks31
\extratabsurround=\skip89
\backup@length=\skip90
\ar@cellbox=\box79
) (/Users/gro1/Library/TinyTeX/texmf-dist/tex/latex/multirow/multirow.sty
Package: multirow 2019/05/31 v2.5 Span multiple rows of a table
\multirow@colwidth=\skip91
\multirow@cntb=\count280
\multirow@dima=\skip92
\bigstrutjot=\dimen256
) (/Users/gro1/Library/TinyTeX/texmf-dist/tex/latex/wrapfig/wrapfig.sty
\wrapoverhang=\dimen257
\WF@size=\dimen258
\c@WF@wrappedlines=\count281
\WF@box=\box80
\WF@everypar=\toks32
Package: wrapfig 2003/01/31  v 3.6
) (/Users/gro1/Library/TinyTeX/texmf-dist/tex/latex/float/float.sty
Package: float 2001/11/08 v1.3d Float enhancements (AL)
\c@float@type=\count282
\float@exts=\toks33
\float@box=\box81
\@float@everytoks=\toks34
\@floatcapt=\box82
) (/Users/gro1/Library/TinyTeX/texmf-dist/tex/latex/colortbl/colortbl.sty
Package: colortbl 2020/01/04 v1.0e Color table columns (DPC)
\everycr=\toks35
\minrowclearance=\skip93
) (/Users/gro1/Library/TinyTeX/texmf-dist/tex/latex/pdflscape/pdflscape.sty
Package: pdflscape 2019/12/05 v0.12 Display of landscape pages in PDF (HO)
(/Users/gro1/Library/TinyTeX/texmf-dist/tex/latex/graphics/lscape.sty
Package: lscape 2000/10/22 v3.01 Landscape Pages (DPC)
)
Package pdflscape Info: Auto-detected driver: pdftex on input line 81.
) (/Users/gro1/Library/TinyTeX/texmf-dist/tex/latex/tabu/tabu.sty
Package: tabu 2019/01/11 v2.9 - flexible LaTeX tabulars (FC+tabu-fixed)
(/Users/gro1/Library/TinyTeX/texmf-dist/tex/latex/varwidth/varwidth.sty
Package: varwidth 2009/03/30 ver 0.92;  Variable-width minipages
\@vwid@box=\box83
\sift@deathcycles=\count283
\@vwid@loff=\dimen259
\@vwid@roff=\dimen260
)
\c@taburow=\count284
\tabu@nbcols=\count285
\tabu@cnt=\count286
\tabu@Xcol=\count287
\tabu@alloc=\count288
\tabu@nested=\count289
\tabu@target=\dimen261
\tabu@spreadtarget=\dimen262
\tabu@naturalX=\dimen263
\tabucolX=\dimen264
\tabu@Xsum=\dimen265
\extrarowdepth=\dimen266
\abovetabulinesep=\dimen267
\belowtabulinesep=\dimen268
\tabustrutrule=\dimen269
\tabu@thebody=\toks36
\tabu@footnotes=\toks37
\tabu@box=\box84
\tabu@arstrutbox=\box85
\tabu@hleads=\box86
\tabu@vleads=\box87
\tabu@cellskip=\skip94
)
(/Users/gro1/Library/TinyTeX/texmf-dist/tex/latex/threeparttable/threeparttable
.sty
Package: threeparttable 2003/06/13  v 3.0
\@tempboxb=\box88
)
(/Users/gro1/Library/TinyTeX/texmf-dist/tex/latex/threeparttablex/threeparttabl
ex.sty
Package: threeparttablex 2013/07/23 v0.3 by daleif
(/Users/gro1/Library/TinyTeX/texmf-dist/tex/latex/environ/environ.sty
Package: environ 2014/05/04 v0.3 A new way to define environments
(/Users/gro1/Library/TinyTeX/texmf-dist/tex/latex/trimspaces/trimspaces.sty
Package: trimspaces 2009/09/17 v1.1 Trim spaces around a token list
))
\TPTL@width=\skip95
) (/Users/gro1/Library/TinyTeX/texmf-dist/tex/generic/ulem/ulem.sty
\UL@box=\box89
\UL@hyphenbox=\box90
\UL@skip=\skip96
\UL@hook=\toks38
\UL@height=\dimen270
\UL@pe=\count290
\UL@pixel=\dimen271
\ULC@box=\box91
Package: ulem 2019/11/18
\ULdepth=\dimen272
) (/Users/gro1/Library/TinyTeX/texmf-dist/tex/latex/makecell/makecell.sty
Package: makecell 2009/08/03 V0.1e Managing of Tab Column Heads and Cells
\rotheadsize=\dimen273
\c@nlinenum=\count291
\TeXr@lab=\toks39
) (/Users/gro1/Library/TinyTeX/texmf-dist/tex/latex/xcolor/xcolor.sty
Package: xcolor 2016/05/11 v2.12 LaTeX color extensions (UK)
(/Users/gro1/Library/TinyTeX/texmf-dist/tex/latex/graphics-cfg/color.cfg
File: color.cfg 2016/01/02 v1.6 sample color configuration
)
Package xcolor Info: Driver file: pdftex.def on input line 225.
LaTeX Info: Redefining \color on input line 709.
Package xcolor Info: Model `cmy' substituted by `cmy0' on input line 1348.
Package xcolor Info: Model `hsb' substituted by `rgb' on input line 1352.
Package xcolor Info: Model `RGB' extended on input line 1364.
Package xcolor Info: Model `HTML' substituted by `rgb' on input line 1366.
Package xcolor Info: Model `Hsb' substituted by `hsb' on input line 1367.
Package xcolor Info: Model `tHsb' substituted by `hsb' on input line 1368.
Package xcolor Info: Model `HSB' substituted by `hsb' on input line 1369.
Package xcolor Info: Model `Gray' substituted by `gray' on input line 1370.
Package xcolor Info: Model `wave' substituted by `hsb' on input line 1371.
) (/Users/gro1/Library/TinyTeX/texmf-dist/tex/latex/natbib/natbib.sty
Package: natbib 2010/09/13 8.31b (PWD, AO)
\bibhang=\skip97
\bibsep=\skip98
LaTeX Info: Redefining \cite on input line 694.
\c@NAT@ctr=\count292
)
(/Users/gro1/Library/TinyTeX/texmf-dist/tex/latex/l3backend/l3backend-pdfmode.d
ef
File: l3backend-pdfmode.def 2020-06-03 L3 backend support: PDF mode
\l__kernel_color_stack_int=\count293
\l__pdf_internal_box=\box92
) (./SNSF-Togo_Manuel.aux)
\openout1 = `SNSF-Togo_Manuel.aux'.

LaTeX Font Info:    Checking defaults for OML/cmm/m/it on input line 245.
LaTeX Font Info:    ... okay on input line 245.
LaTeX Font Info:    Checking defaults for OMS/cmsy/m/n on input line 245.
LaTeX Font Info:    ... okay on input line 245.
LaTeX Font Info:    Checking defaults for OT1/cmr/m/n on input line 245.
LaTeX Font Info:    ... okay on input line 245.
LaTeX Font Info:    Checking defaults for T1/cmr/m/n on input line 245.
LaTeX Font Info:    ... okay on input line 245.
LaTeX Font Info:    Checking defaults for TS1/cmr/m/n on input line 245.
LaTeX Font Info:    ... okay on input line 245.
LaTeX Font Info:    Checking defaults for OMX/cmex/m/n on input line 245.
LaTeX Font Info:    ... okay on input line 245.
LaTeX Font Info:    Checking defaults for U/cmr/m/n on input line 245.
LaTeX Font Info:    ... okay on input line 245.
LaTeX Font Info:    Checking defaults for PD1/pdf/m/n on input line 245.
LaTeX Font Info:    ... okay on input line 245.
LaTeX Font Info:    Checking defaults for PU/pdf/m/n on input line 245.
LaTeX Font Info:    ... okay on input line 245.
LaTeX Font Info:    Trying to load font information for TS1+lmr on input line 2
45.
(/Users/gro1/Library/TinyTeX/texmf-dist/tex/latex/lm/ts1lmr.fd
File: ts1lmr.fd 2009/10/30 v1.6 Font defs for Latin Modern
)
\AtBeginShipoutBox=\box93
Package hyperref Info: Link coloring OFF on input line 245.
(/Users/gro1/Library/TinyTeX/texmf-dist/tex/latex/hyperref/nameref.sty
Package: nameref 2019/09/16 v2.46 Cross-referencing by name of section
(/Users/gro1/Library/TinyTeX/texmf-dist/tex/latex/refcount/refcount.sty
Package: refcount 2019/12/15 v3.6 Data extraction from label references (HO)
)
(/Users/gro1/Library/TinyTeX/texmf-dist/tex/generic/gettitlestring/gettitlestri
ng.sty
Package: gettitlestring 2019/12/15 v1.6 Cleanup title references (HO)
)
\c@section@level=\count294
)
LaTeX Info: Redefining \ref on input line 245.
LaTeX Info: Redefining \pageref on input line 245.
LaTeX Info: Redefining \nameref on input line 245.
(./SNSF-Togo_Manuel.out) (./SNSF-Togo_Manuel.out)
\@outlinefile=\write5
\openout5 = `SNSF-Togo_Manuel.out'.


(/Users/gro1/Library/TinyTeX/texmf-dist/tex/latex/epstopdf-pkg/epstopdf-base.st
y
Package: epstopdf-base 2020-01-24 v2.11 Base part for package epstopdf
Package epstopdf-base Info: Redefining graphics rule for `.eps' on input line 4
85.
(/Users/gro1/Library/TinyTeX/texmf-dist/tex/latex/latexconfig/epstopdf-sys.cfg
File: epstopdf-sys.cfg 2010/07/13 v1.3 Configuration of (r)epstopdf for TeX Liv
e
))
Package caption Info: Begin \AtBeginDocument code.
Package caption Info: float package is loaded.
Package caption Info: threeparttable package is loaded.
Package caption Info: wrapfig package is loaded.
Package caption Info: End \AtBeginDocument code.
<images/NERF-Togo.png, id=144, 847.968pt x 417.2388pt>
File: images/NERF-Togo.png Graphic file (type png)
<use images/NERF-Togo.png>
Package pdftex.def Info: images/NERF-Togo.png  used on input line 259.
(pdftex.def)             Requested size: 492.01587pt x 242.09416pt.

Underfull \vbox (badness 10000) has occurred while \output is active []


Overfull \hbox (491.75pt too wide) has occurred while \output is active
[]
 []


Underfull \vbox (badness 10000) has occurred while \output is active []


Overfull \hbox (491.75pt too wide) has occurred while \output is active
[]
 []


Underfull \vbox (badness 10000) has occurred while \output is active []


Overfull \hbox (491.75pt too wide) has occurred while \output is active
[]
 []


Underfull \vbox (badness 10000) has occurred while \output is active []


Overfull \hbox (491.75pt too wide) has occurred while \output is active
[]
 []


Underfull \hbox (badness 10000) has occurred while \output is active
 [][][][] 
 []

[1


{/Users/gro1/Library/TinyTeX/texmf-var/fonts/map/pdftex/updmap/pdftex.map} <./i
mages/NERF-Togo.png>]

Package xcolor Warning: Incompatible color definition on input line 282.

<images/icons/todo.png, id=163, 159.4758pt x 131.0496pt>
File: images/icons/todo.png Graphic file (type png)
<use images/icons/todo.png>
Package pdftex.def Info: images/icons/todo.png  used on input line 283.
(pdftex.def)             Requested size: 35.24782pt x 28.96497pt.

Package xcolor Warning: Incompatible color definition on input line 287.


Package xcolor Warning: Incompatible color definition on input line 287.

<images/SNSF-Schema.png, id=167, 795.9336pt x 538.6524pt>
File: images/SNSF-Schema.png Graphic file (type png)
<use images/SNSF-Schema.png>
Package pdftex.def Info: images/SNSF-Schema.png  used on input line 300.
(pdftex.def)             Requested size: 492.0042pt x 332.96652pt.

Package xcolor Warning: Incompatible color definition on input line 302.

[2 <./images/icons/todo.png>]
File: images/icons/todo.png Graphic file (type png)
<use images/icons/todo.png>
Package pdftex.def Info: images/icons/todo.png  used on input line 303.
(pdftex.def)             Requested size: 35.24782pt x 28.96497pt.

Package xcolor Warning: Incompatible color definition on input line 328.


Package xcolor Warning: Incompatible color definition on input line 328.

<images/cardre_institutionnel_SNSF.png, id=178, 489.32813pt x 358.33875pt>
File: images/cardre_institutionnel_SNSF.png Graphic file (type png)
<use images/cardre_institutionnel_SNSF.png>
Package pdftex.def Info: images/cardre_institutionnel_SNSF.png  used on input l
ine 335.
(pdftex.def)             Requested size: 489.33438pt x 358.34334pt.
[3 <./images/SNSF-Schema.png>] [4 <./images/cardre_institutionnel_SNSF.png>]
Underfull \hbox (badness 1406) in paragraph at lines 373--375
[]\T1/lmr/m/n/12 la \T1/lmr/bx/n/12 Di-rec-tion générale de l'énergie du min-is
tère des mines et én-ergie
 []


Package xcolor Warning: Incompatible color definition on input line 402.

[5]
LaTeX Font Info:    Trying to load font information for T1+lmtt on input line 4
03.
(/Users/gro1/Library/TinyTeX/texmf-dist/tex/latex/lm/t1lmtt.fd
File: t1lmtt.fd 2009/10/30 v1.6 Font defs for Latin Modern
)
LaTeX Font Info:    Font shape `T1/lmtt/bx/n' in size <12> not available
(Font)              Font shape `T1/lmtt/b/n' tried instead on input line 404.

Package xcolor Warning: Incompatible color definition on input line 408.


Package xcolor Warning: Incompatible color definition on input line 408.

LaTeX Font Info:    Trying to load font information for OT1+lmr on input line 4
17.
(/Users/gro1/Library/TinyTeX/texmf-dist/tex/latex/lm/ot1lmr.fd
File: ot1lmr.fd 2009/10/30 v1.6 Font defs for Latin Modern
)
LaTeX Font Info:    Trying to load font information for OML+lmm on input line 4
17.
(/Users/gro1/Library/TinyTeX/texmf-dist/tex/latex/lm/omllmm.fd
File: omllmm.fd 2009/10/30 v1.6 Font defs for Latin Modern
)
LaTeX Font Info:    Trying to load font information for OMS+lmsy on input line 
417.
(/Users/gro1/Library/TinyTeX/texmf-dist/tex/latex/lm/omslmsy.fd
File: omslmsy.fd 2009/10/30 v1.6 Font defs for Latin Modern
)
LaTeX Font Info:    Trying to load font information for OMX+lmex on input line 
417.
(/Users/gro1/Library/TinyTeX/texmf-dist/tex/latex/lm/omxlmex.fd
File: omxlmex.fd 2009/10/30 v1.6 Font defs for Latin Modern
)
LaTeX Font Info:    External font `lmex10' loaded for size
(Font)              <12> on input line 417.
LaTeX Font Info:    External font `lmex10' loaded for size
(Font)              <8> on input line 417.
LaTeX Font Info:    External font `lmex10' loaded for size
(Font)              <6> on input line 417.
LaTeX Font Info:    Trying to load font information for U+msa on input line 417
.
(/Users/gro1/Library/TinyTeX/texmf-dist/tex/latex/amsfonts/umsa.fd
File: umsa.fd 2013/01/14 v3.01 AMS symbols A
)
LaTeX Font Info:    Trying to load font information for U+msb on input line 417
.
(/Users/gro1/Library/TinyTeX/texmf-dist/tex/latex/amsfonts/umsb.fd
File: umsb.fd 2013/01/14 v3.01 AMS symbols B
)
<images/RStudio_new-project.png, id=205, 965.6075pt x 304.13625pt>
File: images/RStudio_new-project.png Graphic file (type png)
<use images/RStudio_new-project.png>
Package pdftex.def Info: images/RStudio_new-project.png  used on input line 419
.
(pdftex.def)             Requested size: 491.99657pt x 154.96356pt.
<images/RStudio_git-tools.png, id=206, 966.61125pt x 295.1025pt>
File: images/RStudio_git-tools.png Graphic file (type png)
<use images/RStudio_git-tools.png>
Package pdftex.def Info: images/RStudio_git-tools.png  used on input line 423.
(pdftex.def)             Requested size: 492.00652pt x 150.20758pt.

Underfull \hbox (badness 10000) detected at line 433
 [][]
 []


Underfull \hbox (badness 10000) detected at line 433
[][][]
 []


Underfull \hbox (badness 10000) detected at line 442
 [][]
 []


Underfull \hbox (badness 10000) detected at line 442
[][][]
 []

[6
Non-PDF special ignored!
<special> color cmyk 0 0 0 1.0
 <./images/RStudio_new-project.png> <./images/RStudio_git-tools.png>]
Underfull \hbox (badness 10000) detected at line 444
 [][]
 []


Underfull \hbox (badness 10000) detected at line 444
[][][]
 []


Underfull \hbox (badness 10000) detected at line 446
 [][]
 []


Underfull \hbox (badness 10000) detected at line 446
[][][]
 []


Underfull \hbox (badness 10000) detected at line 448
 [][]
 []


Underfull \hbox (badness 10000) detected at line 448
[][][]
 []


Underfull \hbox (badness 10000) detected at line 450
 [][]
 []


Underfull \hbox (badness 10000) detected at line 450
[][][]
 []


Underfull \hbox (badness 10000) detected at line 452
 [][]
 []


Underfull \hbox (badness 10000) detected at line 452
[][][]
 []

<images/RStudio_markdown.png, id=221, 795.97375pt x 543.02875pt>
File: images/RStudio_markdown.png Graphic file (type png)
<use images/RStudio_markdown.png>
Package pdftex.def Info: images/RStudio_markdown.png  used on input line 462.
(pdftex.def)             Requested size: 491.99258pt x 335.64688pt.
<images/RStudio_build-tools.png, id=222, 965.6075pt x 437.635pt>
File: images/RStudio_build-tools.png Graphic file (type png)
<use images/RStudio_build-tools.png>
Package pdftex.def Info: images/RStudio_build-tools.png  used on input line 468
.
(pdftex.def)             Requested size: 491.99657pt x 222.98389pt.
[7
Non-PDF special ignored!
<special> color cmyk 0 0 0 1.0
Non-PDF special ignored!
<special> color cmyk 0 0 0 1.0
Non-PDF special ignored!
<special> color cmyk 0 0 0 1.0
Non-PDF special ignored!
<special> color cmyk 0 0 0 1.0
Non-PDF special ignored!
<special> color cmyk 0 0 0 1.0
Non-PDF special ignored!
<special> color cmyk 0 0 0 1.0
 <./images/RStudio_markdown.png>]
Overfull \hbox (51.40027pt too wide) in paragraph at lines 507--507
[]\T1/lmtt/m/n/12 |----- data                                # Données de base 
externes ####################[] 
 []


Overfull \hbox (51.39326pt too wide) in paragraph at lines 507--507
[]\T1/lmtt/m/n/12 |_---- SNSF_v1.0_20200106                  # Répértoire SNSF 
v1.0 ########################[] 
 []


Overfull \hbox (51.40027pt too wide) in paragraph at lines 507--507
[]    \T1/lmtt/m/n/12 |----- 01_SSTS                           # SYSTÈME DE SUR
VEILLANCE TERRESTRE =========[] 
 []


Overfull \hbox (51.40027pt too wide) in paragraph at lines 507--507
[]        \T1/lmtt/m/n/12 |----- 01_data                         #:: images et 
autres données pré-traités --[] 
 []


Overfull \hbox (51.40027pt too wide) in paragraph at lines 507--507
[]        \T1/lmtt/m/n/12 |_---- 02_BdD                          #:: base de do
nnées SSTS ------------------[] 
 []


Overfull \hbox (51.40027pt too wide) in paragraph at lines 507--507
[]    \T1/lmtt/m/n/12 |----- 02_IFN                            # INVENTAIRE FOR
ESTIER NATIONAL =============[] 
 []


Overfull \hbox (51.40027pt too wide) in paragraph at lines 507--507
[]        \T1/lmtt/m/n/12 |_---- 01_IFN-1                        #:: données d'
inventaire IFN-1 ------------[] 
 []


Overfull \hbox (51.40027pt too wide) in paragraph at lines 507--507
[]    \T1/lmtt/m/n/12 |----- 03_NRF-MRV                        # NIVEAU DE REFE
RENCE / MRV  ================[] 
 []


Overfull \hbox (51.40027pt too wide) in paragraph at lines 507--507
[]        \T1/lmtt/m/n/12 |----- 01_MCF                          #:: Modificati
on Couvert Forestier --------[] 
 []


Overfull \hbox (51.40027pt too wide) in paragraph at lines 507--507
[]        \T1/lmtt/m/n/12 |----- 02_AGB                          #:: cartograph
ie biomasse -----------------[] 
 []


Overfull \hbox (51.40027pt too wide) in paragraph at lines 507--507
[]        \T1/lmtt/m/n/12 |_---- 03_report                       #:: rapport NR
F/MRV -----------------------[] 
 []


Overfull \hbox (39.05026pt too wide) in paragraph at lines 507--507
[]    \T1/lmtt/m/n/12 |----- 04_Manuel                         # CETTE DOCUMENT
ATION DU SNSF =============[] 
 []


Overfull \hbox (51.40027pt too wide) in paragraph at lines 507--507
[]\T1/lmtt/m/n/12 |_---- SNSF_v1.x                           # Répértoire SNSF 
version actualisé ###########[] 
 []

[8 <./images/RStudio_build-tools.png>]
Underfull \hbox (badness 10000) in paragraph at lines 516--517
\T1/lmr/m/n/12 Pour la créa-tion d'un nou-veau pro-jet avec le code le plus act
uel, on clone
 []


Underfull \hbox (badness 10000) in paragraph at lines 516--517
\T1/lmr/m/n/12 le dépôt du pro-jet sur GitHub par la com-mande \T1/lmtt/m/n/12 
git clone --single-branch
 []


Underfull \hbox (badness 10000) in paragraph at lines 516--517
\T1/lmtt/m/n/12 https://github.com/ogardi/NERF-Togo.git NOM-REPERTOIRE\T1/lmr/m
/n/12 . L'installation d'une
 []


Underfull \hbox (badness 10000) in paragraph at lines 516--517
\T1/lmr/m/n/12 ver-sion spé-ci-fique peut être fait avec \T1/lmtt/m/n/12 git cl
one -b VERSION --single-branch
 []


Package xcolor Warning: Incompatible color definition on input line 545.


Package xcolor Warning: Incompatible color definition on input line 676.


Package xcolor Warning: Incompatible color definition on input line 676.


Package xcolor Warning: Incompatible color definition on input line 676.

[9]

Package xcolor Warning: Incompatible color definition on input line 676.


Package xcolor Warning: Incompatible color definition on input line 676.


Underfull \vbox (badness 10000) detected at line 676
 []


Overfull \vbox (1.15501pt too high) detected at line 676
 []


Package xcolor Warning: Incompatible color definition on input line 676.

[10]

Package xcolor Warning: Incompatible color definition on input line 676.


Package xcolor Warning: Incompatible color definition on input line 676.


Underfull \vbox (badness 10000) detected at line 676
 []


Overfull \vbox (2.21893pt too high) detected at line 676
 []


Package xcolor Warning: Incompatible color definition on input line 676.

[11]

Package xcolor Warning: Incompatible color definition on input line 676.


Package xcolor Warning: Incompatible color definition on input line 676.


Overfull \hbox (2.00024pt too wide) in paragraph at lines 706--706
[]\T1/lmtt/m/n/12 |----- 01_data                         #:: images et autres d
onnées pré-traités --[] 
 []


Overfull \hbox (2.00024pt too wide) in paragraph at lines 706--706
[]\T1/lmtt/m/n/12 |----- 02_BdD                          #:: base de données SS
TS ------------------[] 
 []

[12]

Package xcolor Warning: Incompatible color definition on input line 708.

File: images/icons/todo.png Graphic file (type png)
<use images/icons/todo.png>
Package pdftex.def Info: images/icons/todo.png  used on input line 709.
(pdftex.def)             Requested size: 35.24782pt x 28.96497pt.

Package xcolor Warning: Incompatible color definition on input line 715.


Package xcolor Warning: Incompatible color definition on input line 715.

<images/Acq-band-designations.png, id=271, 1565.85pt x 722.7pt>
File: images/Acq-band-designations.png Graphic file (type png)
<use images/Acq-band-designations.png>
Package pdftex.def Info: images/Acq-band-designations.png  used on input line 7
27.
(pdftex.def)             Requested size: 491.97903pt x 227.06725pt.
<images/Acq-scenes-Togo.png, id=272, 248.6088pt x 315.0972pt>
File: images/Acq-scenes-Togo.png Graphic file (type png)
<use images/Acq-scenes-Togo.png>
Package pdftex.def Info: images/Acq-scenes-Togo.png  used on input line 731.
(pdftex.def)             Requested size: 248.60817pt x 315.09642pt.
[13 <./images/Acq-band-designations.png>]
Overfull \hbox (12.91115pt too wide) in paragraph at lines 748--749
 []\T1/lmr/m/n/12 GoogleEarth$[]$|
 []

[14 <./images/Acq-scenes-Togo.png>]
<images/Acq-EE.png, id=289, 776.6616pt x 1196.3094pt>
File: images/Acq-EE.png Graphic file (type png)
<use images/Acq-EE.png>
Package pdftex.def Info: images/Acq-EE.png  used on input line 1057.
(pdftex.def)             Requested size: 483.03027pt x 744.02246pt.
[15] [16 <./images/Acq-EE.png>]
<images/Acq-ESPA.png, id=302, 548.7702pt x 1148.1294pt>
File: images/Acq-ESPA.png Graphic file (type png)
<use images/Acq-ESPA.png>
Package pdftex.def Info: images/Acq-ESPA.png  used on input line 1064.
(pdftex.def)             Requested size: 355.60783pt x 743.9978pt.
[17]
LaTeX Font Info:    Trying to load font information for TS1+lmtt on input line 
1066.
(/Users/gro1/Library/TinyTeX/texmf-dist/tex/latex/lm/ts1lmtt.fd
File: ts1lmtt.fd 2009/10/30 v1.6 Font defs for Latin Modern
) [18 <./images/Acq-ESPA.png>]

Package xcolor Warning: Incompatible color definition on input line 1075.


Package xcolor Warning: Incompatible color definition on input line 1092.


Package xcolor Warning: Incompatible color definition on input line 1092.


Package xcolor Warning: Incompatible color definition on input line 1096.


Package xcolor Warning: Incompatible color definition on input line 1100.


Package xcolor Warning: Incompatible color definition on input line 1100.

[19]
<images/p194_2019.jpeg, id=322, 1355.0625pt x 3011.25pt>
File: images/p194_2019.jpeg Graphic file (type jpg)
<use images/p194_2019.jpeg>
Package pdftex.def Info: images/p194_2019.jpeg  used on input line 1118.
(pdftex.def)             Requested size: 162.35236pt x 360.78304pt.
<images/p193_2019.jpeg, id=323, 1355.0625pt x 3011.25pt>
File: images/p193_2019.jpeg Graphic file (type jpg)
<use images/p193_2019.jpeg>
Package pdftex.def Info: images/p193_2019.jpeg  used on input line 1119.
(pdftex.def)             Requested size: 162.35236pt x 360.78304pt.
<images/p192_2019.jpeg, id=324, 1355.0625pt x 3011.25pt>
File: images/p192_2019.jpeg Graphic file (type jpg)
<use images/p192_2019.jpeg>
Package pdftex.def Info: images/p192_2019.jpeg  used on input line 1120.
(pdftex.def)             Requested size: 162.35236pt x 360.78304pt.

Overfull \hbox (0.2792pt too wide) in paragraph at lines 1118--1122
[][] [] []
 []


Package xcolor Warning: Incompatible color definition on input line 1127.


Package xcolor Warning: Incompatible color definition on input line 1572.


Package xcolor Warning: Incompatible color definition on input line 1572.


Package xcolor Warning: Incompatible color definition on input line 1572.

[20 <./images/p194_2019.jpeg> <./images/p193_2019.jpeg> <./images/p192_2019.jpe
g>]

Package xcolor Warning: Incompatible color definition on input line 1572.


Package xcolor Warning: Incompatible color definition on input line 1572.


Underfull \vbox (badness 10000) detected at line 1572
 []


Underfull \vbox (badness 10000) detected at line 1572
 []


Package xcolor Warning: Incompatible color definition on input line 1572.

[21]

Package xcolor Warning: Incompatible color definition on input line 1572.


Package xcolor Warning: Incompatible color definition on input line 1572.


Underfull \vbox (badness 10000) detected at line 1572
 []


Underfull \vbox (badness 10000) detected at line 1572
 []


Package xcolor Warning: Incompatible color definition on input line 1572.

[22]

Package xcolor Warning: Incompatible color definition on input line 1572.


Package xcolor Warning: Incompatible color definition on input line 1572.


Underfull \vbox (badness 10000) detected at line 1572
 []


Underfull \vbox (badness 10000) detected at line 1572
 []


Package xcolor Warning: Incompatible color definition on input line 1572.

[23]

Package xcolor Warning: Incompatible color definition on input line 1572.


Package xcolor Warning: Incompatible color definition on input line 1572.


Underfull \vbox (badness 10000) detected at line 1572
 []


Overfull \vbox (1.15504pt too high) detected at line 1572
 []


Package xcolor Warning: Incompatible color definition on input line 1572.

[24]

Package xcolor Warning: Incompatible color definition on input line 1572.


Package xcolor Warning: Incompatible color definition on input line 1572.


Underfull \vbox (badness 10000) detected at line 1572
 []


Underfull \vbox (badness 10000) detected at line 1572
 []


Package xcolor Warning: Incompatible color definition on input line 1572.

[25]

Package xcolor Warning: Incompatible color definition on input line 1572.


Package xcolor Warning: Incompatible color definition on input line 1572.


Underfull \vbox (badness 10000) detected at line 1572
 []


Overfull \vbox (2.29984pt too high) detected at line 1572
 []


Package xcolor Warning: Incompatible color definition on input line 1572.

[26]

Package xcolor Warning: Incompatible color definition on input line 1572.


Package xcolor Warning: Incompatible color definition on input line 1572.


Underfull \vbox (badness 10000) detected at line 1572
 []


Overfull \vbox (2.21893pt too high) detected at line 1572
 []


Package xcolor Warning: Incompatible color definition on input line 1572.

[27]

Package xcolor Warning: Incompatible color definition on input line 1572.


Package xcolor Warning: Incompatible color definition on input line 1572.


Underfull \vbox (badness 10000) detected at line 1572
 []


Overfull \vbox (0.55223pt too high) detected at line 1572
 []


Package xcolor Warning: Incompatible color definition on input line 1572.

[28]

Package xcolor Warning: Incompatible color definition on input line 1572.


Package xcolor Warning: Incompatible color definition on input line 1572.

[29]
<images/wc2.0_30s_bio_Togo-01.jpeg, id=374, 1355.0625pt x 3011.25pt>
File: images/wc2.0_30s_bio_Togo-01.jpeg Graphic file (type jpg)
<use images/wc2.0_30s_bio_Togo-01.jpeg>
Package pdftex.def Info: images/wc2.0_30s_bio_Togo-01.jpeg  used on input line 
1651.
(pdftex.def)             Requested size: 122.98419pt x 273.2982pt.
<images/wc2.0_30s_bio_Togo-04.jpeg, id=375, 1355.0625pt x 3011.25pt>
File: images/wc2.0_30s_bio_Togo-04.jpeg Graphic file (type jpg)
<use images/wc2.0_30s_bio_Togo-04.jpeg>
Package pdftex.def Info: images/wc2.0_30s_bio_Togo-04.jpeg  used on input line 
1651.
(pdftex.def)             Requested size: 122.98419pt x 273.2982pt.
<images/wc2.0_30s_bio_Togo-12.jpeg, id=376, 1355.0625pt x 3011.25pt>
File: images/wc2.0_30s_bio_Togo-12.jpeg Graphic file (type jpg)
<use images/wc2.0_30s_bio_Togo-12.jpeg>
Package pdftex.def Info: images/wc2.0_30s_bio_Togo-12.jpeg  used on input line 
1651.
(pdftex.def)             Requested size: 122.98419pt x 273.2982pt.
<images/wc2.0_30s_bio_Togo-15.jpeg, id=377, 1355.0625pt x 3011.25pt>
File: images/wc2.0_30s_bio_Togo-15.jpeg Graphic file (type jpg)
<use images/wc2.0_30s_bio_Togo-15.jpeg>
Package pdftex.def Info: images/wc2.0_30s_bio_Togo-15.jpeg  used on input line 
1651.
(pdftex.def)             Requested size: 122.98419pt x 273.2982pt.

Underfull \hbox (badness 10000) in paragraph at lines 1651--1653
[][] [] []
 []


Underfull \hbox (badness 1077) in paragraph at lines 1651--1653
[] \T1/lmr/bx/n/12 Don-nées bio-cli-ma-tiques World-Clim ver-sion 2: \T1/lmr/m/
n/12 tem-péra-ture
 []

[30 <./images/wc2.0_30s_bio_Togo-01.jpeg> <./images/wc2.0_30s_bio_Togo-04.jpeg>
 <./images/wc2.0_30s_bio_Togo-12.jpeg>]

Package xcolor Warning: Incompatible color definition on input line 1658.


Package xcolor Warning: Incompatible color definition on input line 1712.


Package xcolor Warning: Incompatible color definition on input line 1712.


Package xcolor Warning: Incompatible color definition on input line 1712.

[31 <./images/wc2.0_30s_bio_Togo-15.jpeg>]

Package xcolor Warning: Incompatible color definition on input line 1712.


Package xcolor Warning: Incompatible color definition on input line 1712.

[32]
<images/SRTM-1arcsec.jpeg, id=403, 1355.0625pt x 3011.25pt>
File: images/SRTM-1arcsec.jpeg Graphic file (type jpg)
<use images/SRTM-1arcsec.jpeg>
Package pdftex.def Info: images/SRTM-1arcsec.jpeg  used on input line 1736.
(pdftex.def)             Requested size: 334.79489pt x 743.98866pt.
[33] [34 <./images/SRTM-1arcsec.jpeg>]

Package xcolor Warning: Incompatible color definition on input line 1742.


Package xcolor Warning: Incompatible color definition on input line 1802.


Package xcolor Warning: Incompatible color definition on input line 1802.


Package xcolor Warning: Incompatible color definition on input line 1802.

[35]

Package xcolor Warning: Incompatible color definition on input line 1802.


Package xcolor Warning: Incompatible color definition on input line 1802.

<images/TAXNWRB_250m_ll.jpeg, id=421, 677.53125pt x 1204.5pt>
File: images/TAXNWRB_250m_ll.jpeg Graphic file (type jpg)
<use images/TAXNWRB_250m_ll.jpeg>
Package pdftex.def Info: images/TAXNWRB_250m_ll.jpeg  used on input line 1825.
(pdftex.def)             Requested size: 245.99939pt x 437.33226pt.
<images/OCSTHA_M_30cm_250m_ll.jpeg, id=422, 677.53125pt x 1204.5pt>
File: images/OCSTHA_M_30cm_250m_ll.jpeg Graphic file (type jpg)
<use images/OCSTHA_M_30cm_250m_ll.jpeg>
Package pdftex.def Info: images/OCSTHA_M_30cm_250m_ll.jpeg  used on input line 
1825.
(pdftex.def)             Requested size: 245.99939pt x 437.33226pt.

Overfull \hbox (2.60985pt too wide) in paragraph at lines 1825--1826
[][] [] 
 []

[36]

Package xcolor Warning: Incompatible color definition on input line 1831.


Package xcolor Warning: Incompatible color definition on input line 1912.


Package xcolor Warning: Incompatible color definition on input line 1912.


Package xcolor Warning: Incompatible color definition on input line 1912.

[37 <./images/TAXNWRB_250m_ll.jpeg> <./images/OCSTHA_M_30cm_250m_ll.jpeg>]

Package xcolor Warning: Incompatible color definition on input line 1912.


Package xcolor Warning: Incompatible color definition on input line 1912.


Underfull \vbox (badness 10000) detected at line 1912
 []


Underfull \vbox (badness 10000) detected at line 1912
 []


Package xcolor Warning: Incompatible color definition on input line 1912.

[38]

Package xcolor Warning: Incompatible color definition on input line 1912.


Package xcolor Warning: Incompatible color definition on input line 1912.

<images/SSTS-ProREDD.png, id=447, 216.81pt x 542.025pt>
File: images/SSTS-ProREDD.png Graphic file (type png)
<use images/SSTS-ProREDD.png>
Package pdftex.def Info: images/SSTS-ProREDD.png  used on input line 1935.
(pdftex.def)             Requested size: 216.81607pt x 542.0402pt.
[39]

Package xcolor Warning: Incompatible color definition on input line 1941.


Package xcolor Warning: Incompatible color definition on input line 1979.


Package xcolor Warning: Incompatible color definition on input line 1979.


Package xcolor Warning: Incompatible color definition on input line 1979.

[40 <./images/SSTS-ProREDD.png>]

Package xcolor Warning: Incompatible color definition on input line 1979.


Package xcolor Warning: Incompatible color definition on input line 1979.

<images/SSTS-sampling-grid.png, id=467, 710.4141pt x 528.0528pt>
File: images/SSTS-sampling-grid.png Graphic file (type png)
<use images/SSTS-sampling-grid.png>
Package pdftex.def Info: images/SSTS-sampling-grid.png  used on input line 1991
.
(pdftex.def)             Requested size: 491.99654pt x 365.70242pt.
[41]

Package xcolor Warning: Incompatible color definition on input line 1999.


Package xcolor Warning: Incompatible color definition on input line 2038.


Package xcolor Warning: Incompatible color definition on input line 2038.


Package xcolor Warning: Incompatible color definition on input line 2038.

[42 <./images/SSTS-sampling-grid.png>]

Package xcolor Warning: Incompatible color definition on input line 2038.


Package xcolor Warning: Incompatible color definition on input line 2038.

<images/SSTS-tree-cover.png, id=481, 353.1594pt x 242.8272pt>
File: images/SSTS-tree-cover.png Graphic file (type png)
<use images/SSTS-tree-cover.png>
Package pdftex.def Info: images/SSTS-tree-cover.png  used on input line 2053.
(pdftex.def)             Requested size: 353.15851pt x 242.8266pt.
[43]

Package xcolor Warning: Incompatible color definition on input line 2061.


Package xcolor Warning: Incompatible color definition on input line 2207.


Package xcolor Warning: Incompatible color definition on input line 2207.


Package xcolor Warning: Incompatible color definition on input line 2207.

[44 <./images/SSTS-tree-cover.png>]

Package xcolor Warning: Incompatible color definition on input line 2207.


Package xcolor Warning: Incompatible color definition on input line 2207.


Underfull \vbox (badness 10000) detected at line 2207
 []


Underfull \vbox (badness 10000) detected at line 2207
 []


Package xcolor Warning: Incompatible color definition on input line 2207.

[45]

Package xcolor Warning: Incompatible color definition on input line 2207.


Package xcolor Warning: Incompatible color definition on input line 2207.


Underfull \vbox (badness 10000) detected at line 2207
 []


Overfull \vbox (2.2189pt too high) detected at line 2207
 []


Package xcolor Warning: Incompatible color definition on input line 2207.

[46]

Package xcolor Warning: Incompatible color definition on input line 2207.


Package xcolor Warning: Incompatible color definition on input line 2207.

<images/SSTS-land-cover.png, id=507, 665.3658pt x 480.3546pt>
File: images/SSTS-land-cover.png Graphic file (type png)
<use images/SSTS-land-cover.png>
Package pdftex.def Info: images/SSTS-land-cover.png  used on input line 2234.
(pdftex.def)             Requested size: 492.00763pt x 355.2003pt.
[47]

Package xcolor Warning: Incompatible color definition on input line 2240.


Package xcolor Warning: Incompatible color definition on input line 2419.


Package xcolor Warning: Incompatible color definition on input line 2419.


Package xcolor Warning: Incompatible color definition on input line 2419.

[48 <./images/SSTS-land-cover.png>]

Package xcolor Warning: Incompatible color definition on input line 2419.


Package xcolor Warning: Incompatible color definition on input line 2419.


Underfull \vbox (badness 10000) detected at line 2419
 []


Overfull \vbox (2.29984pt too high) detected at line 2419
 []


Package xcolor Warning: Incompatible color definition on input line 2419.

[49]

Package xcolor Warning: Incompatible color definition on input line 2419.


Package xcolor Warning: Incompatible color definition on input line 2419.


Underfull \vbox (badness 10000) detected at line 2419
 []


Underfull \vbox (badness 10000) detected at line 2419
 []


Package xcolor Warning: Incompatible color definition on input line 2419.

[50]

Package xcolor Warning: Incompatible color definition on input line 2419.


Package xcolor Warning: Incompatible color definition on input line 2419.


Underfull \vbox (badness 10000) detected at line 2419
 []


Overfull \vbox (1.15501pt too high) detected at line 2419
 []


Package xcolor Warning: Incompatible color definition on input line 2419.

[51]

Package xcolor Warning: Incompatible color definition on input line 2419.


Package xcolor Warning: Incompatible color definition on input line 2419.

<images/SSTS-qgis-form.png, id=536, 712.5822pt x 503.481pt>
File: images/SSTS-qgis-form.png Graphic file (type png)
<use images/SSTS-qgis-form.png>
Package pdftex.def Info: images/SSTS-qgis-form.png  used on input line 2426.
(pdftex.def)             Requested size: 492.00844pt x 347.63274pt.
[52 <./images/SSTS-qgis-form.png>]

Package xcolor Warning: Incompatible color definition on input line 2435.

File: images/icons/todo.png Graphic file (type png)
<use images/icons/todo.png>
Package pdftex.def Info: images/icons/todo.png  used on input line 2436.
(pdftex.def)             Requested size: 35.24782pt x 28.96497pt.

Package xcolor Warning: Incompatible color definition on input line 2461.


Package xcolor Warning: Incompatible color definition on input line 2461.


Overfull \hbox (1.99324pt too wide) in paragraph at lines 2472--2472
[]\T1/lmtt/m/n/12 |----- 01_IFN-1                        # Premier IFN 2015/16 
---------------------[] 
 []

[53]
<images/FCC-Schema.png, id=559, 963.2788pt x 541.8644pt>
File: images/FCC-Schema.png Graphic file (type png)
<use images/FCC-Schema.png>
Package pdftex.def Info: images/FCC-Schema.png  used on input line 2532.
(pdftex.def)             Requested size: 492.00061pt x 276.76059pt.
[54] [55 <./images/FCC-Schema.png>]
<images/FCC-rawmaps.png, id=579, 702.625pt x 632.3625pt>
File: images/FCC-rawmaps.png Graphic file (type png)
<use images/FCC-rawmaps.png>
Package pdftex.def Info: images/FCC-rawmaps.png  used on input line 2559.
(pdftex.def)             Requested size: 492.0164pt x 442.81477pt.
[56]

Package xcolor Warning: Incompatible color definition on input line 2565.


Package xcolor Warning: Incompatible color definition on input line 3090.


Package xcolor Warning: Incompatible color definition on input line 3090.


Package xcolor Warning: Incompatible color definition on input line 3090.

[57 <./images/FCC-rawmaps.png>]

Package xcolor Warning: Incompatible color definition on input line 3090.


Package xcolor Warning: Incompatible color definition on input line 3090.


Underfull \vbox (badness 10000) detected at line 3090
 []


Underfull \vbox (badness 10000) detected at line 3090
 []


Package xcolor Warning: Incompatible color definition on input line 3090.

[58]

Package xcolor Warning: Incompatible color definition on input line 3090.


Package xcolor Warning: Incompatible color definition on input line 3090.


Underfull \vbox (badness 10000) detected at line 3090
 []


Underfull \vbox (badness 10000) detected at line 3090
 []


Package xcolor Warning: Incompatible color definition on input line 3090.

[59]

Package xcolor Warning: Incompatible color definition on input line 3090.


Package xcolor Warning: Incompatible color definition on input line 3090.


Underfull \vbox (badness 10000) detected at line 3090
 []


Overfull \vbox (1.15501pt too high) detected at line 3090
 []


Package xcolor Warning: Incompatible color definition on input line 3090.

[60]

Package xcolor Warning: Incompatible color definition on input line 3090.


Package xcolor Warning: Incompatible color definition on input line 3090.


Underfull \vbox (badness 10000) detected at line 3090
 []


Overfull \vbox (2.2189pt too high) detected at line 3090
 []


Package xcolor Warning: Incompatible color definition on input line 3090.

[61]

Package xcolor Warning: Incompatible color definition on input line 3090.


Package xcolor Warning: Incompatible color definition on input line 3090.


Underfull \vbox (badness 10000) detected at line 3090
 []


Overfull \vbox (2.2189pt too high) detected at line 3090
 []


Package xcolor Warning: Incompatible color definition on input line 3090.

[62]

Package xcolor Warning: Incompatible color definition on input line 3090.


Package xcolor Warning: Incompatible color definition on input line 3090.


Underfull \vbox (badness 10000) detected at line 3090
 []


Overfull \vbox (2.2189pt too high) detected at line 3090
 []


Package xcolor Warning: Incompatible color definition on input line 3090.

[63]

Package xcolor Warning: Incompatible color definition on input line 3090.


Package xcolor Warning: Incompatible color definition on input line 3090.


Underfull \vbox (badness 10000) detected at line 3090
 []


Overfull \vbox (1.22025pt too high) detected at line 3090
 []


Package xcolor Warning: Incompatible color definition on input line 3090.

[64]

Package xcolor Warning: Incompatible color definition on input line 3090.


Package xcolor Warning: Incompatible color definition on input line 3090.


Underfull \vbox (badness 10000) detected at line 3090
 []


Overfull \vbox (1.38295pt too high) detected at line 3090
 []


Package xcolor Warning: Incompatible color definition on input line 3090.

[65]

Package xcolor Warning: Incompatible color definition on input line 3090.


Package xcolor Warning: Incompatible color definition on input line 3090.


Underfull \vbox (badness 10000) detected at line 3090
 []


Overfull \vbox (2.2189pt too high) detected at line 3090
 []


Package xcolor Warning: Incompatible color definition on input line 3090.

[66]

Package xcolor Warning: Incompatible color definition on input line 3090.


Package xcolor Warning: Incompatible color definition on input line 3090.


Underfull \vbox (badness 10000) detected at line 3090
 []


Overfull \vbox (2.21893pt too high) detected at line 3090
 []


Package xcolor Warning: Incompatible color definition on input line 3090.

[67]

Package xcolor Warning: Incompatible color definition on input line 3090.


Package xcolor Warning: Incompatible color definition on input line 3090.


Underfull \hbox (badness 10000) detected at line 3111
 [][]
 []


Underfull \hbox (badness 10000) detected at line 3111
[][][]
 []

<images/FCC-clean-1.png, id=636, 673.51625pt x 39.14626pt>
File: images/FCC-clean-1.png Graphic file (type png)
<use images/FCC-clean-1.png>
Package pdftex.def Info: images/FCC-clean-1.png  used on input line 3114.
(pdftex.def)             Requested size: 492.00192pt x 28.59622pt.

Underfull \hbox (badness 10000) detected at line 3121
 [][]
 []


Underfull \hbox (badness 10000) detected at line 3121
[][][]
 []

<images/FCC-clean-2.png, id=637, 622.325pt x 112.42pt>
File: images/FCC-clean-2.png Graphic file (type png)
<use images/FCC-clean-2.png>
Package pdftex.def Info: images/FCC-clean-2.png  used on input line 3124.
(pdftex.def)             Requested size: 492.0017pt x 88.87772pt.

Underfull \hbox (badness 10000) detected at line 3131
 [][]
 []


Underfull \hbox (badness 10000) detected at line 3131
[][][]
 []

<images/FCC-clean-3.png, id=638, 582.175pt x 127.47626pt>
File: images/FCC-clean-3.png Graphic file (type png)
<use images/FCC-clean-3.png>
Package pdftex.def Info: images/FCC-clean-3.png  used on input line 3134.
(pdftex.def)             Requested size: 492.00845pt x 107.73288pt.
[68
Non-PDF special ignored!
<special> color cmyk 0 0 0 1.0
Non-PDF special ignored!
<special> color cmyk 0 0 0 1.0
Non-PDF special ignored!
<special> color cmyk 0 0 0 1.0
 <./images/FCC-clean-1.png> <./images/FCC-clean-2.png>]
<images/FCC-clnmaps.png, id=650, 702.625pt x 632.3625pt>
File: images/FCC-clnmaps.png Graphic file (type png)
<use images/FCC-clnmaps.png>
Package pdftex.def Info: images/FCC-clnmaps.png  used on input line 3144.
(pdftex.def)             Requested size: 492.0164pt x 442.81477pt.
[69 <./images/FCC-clean-3.png>]

Package xcolor Warning: Incompatible color definition on input line 3150.


Package xcolor Warning: Incompatible color definition on input line 3377.


Package xcolor Warning: Incompatible color definition on input line 3377.


Package xcolor Warning: Incompatible color definition on input line 3377.

[70 <./images/FCC-clnmaps.png>]

Package xcolor Warning: Incompatible color definition on input line 3377.


Package xcolor Warning: Incompatible color definition on input line 3377.


Underfull \vbox (badness 10000) detected at line 3377
 []


Underfull \vbox (badness 10000) detected at line 3377
 []


Package xcolor Warning: Incompatible color definition on input line 3377.

[71]

Package xcolor Warning: Incompatible color definition on input line 3377.


Package xcolor Warning: Incompatible color definition on input line 3377.


Underfull \vbox (badness 10000) detected at line 3377
 []


Overfull \vbox (2.15083pt too high) detected at line 3377
 []


Package xcolor Warning: Incompatible color definition on input line 3377.

[72]

Package xcolor Warning: Incompatible color definition on input line 3377.


Package xcolor Warning: Incompatible color definition on input line 3377.


Underfull \vbox (badness 10000) detected at line 3377
 []


Overfull \vbox (2.21893pt too high) detected at line 3377
 []


Package xcolor Warning: Incompatible color definition on input line 3377.

[73]

Package xcolor Warning: Incompatible color definition on input line 3377.


Package xcolor Warning: Incompatible color definition on input line 3377.


Underfull \vbox (badness 10000) detected at line 3377
 []


Overfull \vbox (1.15501pt too high) detected at line 3377
 []


Package xcolor Warning: Incompatible color definition on input line 3377.

[74]

Package xcolor Warning: Incompatible color definition on input line 3377.


Package xcolor Warning: Incompatible color definition on input line 3377.


Package xcolor Warning: Incompatible color definition on input line 3406.


Package xcolor Warning: Incompatible color definition on input line 3606.


Package xcolor Warning: Incompatible color definition on input line 3606.


Package xcolor Warning: Incompatible color definition on input line 3606.

[75]

Package xcolor Warning: Incompatible color definition on input line 3606.


Package xcolor Warning: Incompatible color definition on input line 3606.


Underfull \vbox (badness 10000) detected at line 3606
 []


Underfull \vbox (badness 10000) detected at line 3606
 []


Package xcolor Warning: Incompatible color definition on input line 3606.

[76]

Package xcolor Warning: Incompatible color definition on input line 3606.


Package xcolor Warning: Incompatible color definition on input line 3606.


Underfull \vbox (badness 10000) detected at line 3606
 []


Overfull \vbox (2.2189pt too high) detected at line 3606
 []


Package xcolor Warning: Incompatible color definition on input line 3606.

[77]

Package xcolor Warning: Incompatible color definition on input line 3606.


Package xcolor Warning: Incompatible color definition on input line 3606.


Underfull \vbox (badness 10000) detected at line 3606
 []


Overfull \vbox (2.2189pt too high) detected at line 3606
 []


Package xcolor Warning: Incompatible color definition on input line 3606.

[78]

Package xcolor Warning: Incompatible color definition on input line 3606.


Package xcolor Warning: Incompatible color definition on input line 3606.

[79]
Overfull \hbox (1.85352pt too wide) in paragraph at lines 3667--3668
 []\T1/lmr/m/n/12 Proportion
 []


Overfull \hbox (2.01874pt too wide) in paragraph at lines 3684--3685
 []\T1/lmr/m/n/12 0.17 \TS1/lmr/m/n/12 ± \T1/lmr/m/n/12 0.01|
 []


Overfull \hbox (21.55156pt too wide) in paragraph at lines 3686--3687
 []\T1/lmr/m/n/12 969'621 \TS1/lmr/m/n/12 ± \T1/lmr/m/n/12 54'104|
 []


Overfull \hbox (2.01874pt too wide) in paragraph at lines 3699--3700
 []\T1/lmr/m/n/12 0.08 \TS1/lmr/m/n/12 ± \T1/lmr/m/n/12 0.01|
 []


Overfull \hbox (21.55156pt too wide) in paragraph at lines 3701--3702
 []\T1/lmr/m/n/12 444'034 \TS1/lmr/m/n/12 ± \T1/lmr/m/n/12 60'300|
 []


Overfull \hbox (2.01874pt too wide) in paragraph at lines 3714--3715
 []\T1/lmr/m/n/12 0.06 \TS1/lmr/m/n/12 ± \T1/lmr/m/n/12 0.01|
 []


Overfull \hbox (21.55156pt too wide) in paragraph at lines 3716--3717
 []\T1/lmr/m/n/12 363'320 \TS1/lmr/m/n/12 ± \T1/lmr/m/n/12 50'777|
 []


Overfull \hbox (0.91635pt too wide) in paragraph at lines 3723--3724
[]\T1/lmr/bx/n/12 xNxN|  
 []


Overfull \hbox (2.01874pt too wide) in paragraph at lines 3729--3730
 []\T1/lmr/m/n/12 0.69 \TS1/lmr/m/n/12 ± \T1/lmr/m/n/12 0.01|
 []


Overfull \hbox (30.69054pt too wide) in paragraph at lines 3731--3732
 []\T1/lmr/m/n/12 3'923'405 \TS1/lmr/m/n/12 ± \T1/lmr/m/n/12 81'517|
 []


Package xcolor Warning: Incompatible color definition on input line 3744.


Package xcolor Warning: Incompatible color definition on input line 3930.


Package xcolor Warning: Incompatible color definition on input line 3930.

[80]

Package xcolor Warning: Incompatible color definition on input line 3930.


Package xcolor Warning: Incompatible color definition on input line 3930.


Underfull \vbox (badness 10000) detected at line 3930
 []


Overfull \vbox (1.15501pt too high) detected at line 3930
 []


Package xcolor Warning: Incompatible color definition on input line 3930.

[81]

Package xcolor Warning: Incompatible color definition on input line 3930.


Package xcolor Warning: Incompatible color definition on input line 3930.


Underfull \vbox (badness 10000) detected at line 3930
 []


Overfull \vbox (0.55223pt too high) detected at line 3930
 []


Package xcolor Warning: Incompatible color definition on input line 3930.

[82]

Package xcolor Warning: Incompatible color definition on input line 3930.


Package xcolor Warning: Incompatible color definition on input line 3930.


Underfull \vbox (badness 10000) detected at line 3930
 []


Underfull \vbox (badness 10000) detected at line 3930
 []


Package xcolor Warning: Incompatible color definition on input line 3930.

[83]

Package xcolor Warning: Incompatible color definition on input line 3930.


Package xcolor Warning: Incompatible color definition on input line 3930.

[84]
Overfull \hbox (12.63124pt too wide) in paragraph at lines 3952--3953
 []\T1/lmr/m/n/12 Année|
 []


Overfull \hbox (3.82324pt too wide) in paragraph at lines 3969--3970
 []\T1/lmr/m/n/12 1987|
 []


Overfull \hbox (3.82324pt too wide) in paragraph at lines 3984--3985
 []\T1/lmr/m/n/12 2003|
 []


Overfull \hbox (3.82324pt too wide) in paragraph at lines 3999--4000
 []\T1/lmr/m/n/12 2005|
 []


Overfull \hbox (3.82324pt too wide) in paragraph at lines 4014--4015
 []\T1/lmr/m/n/12 2007|
 []


Overfull \hbox (3.82324pt too wide) in paragraph at lines 4029--4030
 []\T1/lmr/m/n/12 2015|
 []


Overfull \hbox (3.82324pt too wide) in paragraph at lines 4044--4045
 []\T1/lmr/m/n/12 2017|
 []


Overfull \hbox (3.82324pt too wide) in paragraph at lines 4059--4060
 []\T1/lmr/m/n/12 2018|
 []

<images/TGO_fc.pdf, id=746, 505.89pt x 505.89pt>
File: images/TGO_fc.pdf Graphic file (type pdf)
<use images/TGO_fc.pdf>
Package pdftex.def Info: images/TGO_fc.pdf  used on input line 4147.
(pdftex.def)             Requested size: 246.00476pt x 246.00476pt.
<images/TGO_fcc.pdf, id=747, 505.89pt x 505.89pt>
File: images/TGO_fcc.pdf Graphic file (type pdf)
<use images/TGO_fcc.pdf>
Package pdftex.def Info: images/TGO_fcc.pdf  used on input line 4147.
(pdftex.def)             Requested size: 246.00476pt x 246.00476pt.

Overfull \hbox (2.62059pt too wide) in paragraph at lines 4147--4148
[][] [] 
 []

[85]
<images/FCC-changemap.png, id=757, 284.5029pt x 142.131pt>
File: images/FCC-changemap.png Graphic file (type png)
<use images/FCC-changemap.png>
Package pdftex.def Info: images/FCC-changemap.png  used on input line 4151.
(pdftex.def)             Requested size: 284.5022pt x 142.13063pt.

Package xcolor Warning: Incompatible color definition on input line 4157.


Package xcolor Warning: Incompatible color definition on input line 4391.


Package xcolor Warning: Incompatible color definition on input line 4391.


Package xcolor Warning: Incompatible color definition on input line 4391.

[86 <./images/TGO_fc.pdf> <./images/TGO_fcc.pdf> <./images/FCC-changemap.png>]

Package xcolor Warning: Incompatible color definition on input line 4391.


Package xcolor Warning: Incompatible color definition on input line 4391.


Underfull \vbox (badness 10000) detected at line 4391
 []


Underfull \vbox (badness 10000) detected at line 4391
 []


Package xcolor Warning: Incompatible color definition on input line 4391.

[87]

Package xcolor Warning: Incompatible color definition on input line 4391.


Package xcolor Warning: Incompatible color definition on input line 4391.


Underfull \vbox (badness 10000) detected at line 4391
 []


Underfull \vbox (badness 10000) detected at line 4391
 []


Package xcolor Warning: Incompatible color definition on input line 4391.

[88]

Package xcolor Warning: Incompatible color definition on input line 4391.


Package xcolor Warning: Incompatible color definition on input line 4391.


Underfull \vbox (badness 10000) detected at line 4391
 []


Overfull \vbox (2.15083pt too high) detected at line 4391
 []


Package xcolor Warning: Incompatible color definition on input line 4391.

[89]

Package xcolor Warning: Incompatible color definition on input line 4391.


Package xcolor Warning: Incompatible color definition on input line 4391.


Underfull \vbox (badness 10000) detected at line 4391
 []


Underfull \vbox (badness 10000) detected at line 4391
 []


Package xcolor Warning: Incompatible color definition on input line 4391.

[90]

Package xcolor Warning: Incompatible color definition on input line 4391.


Package xcolor Warning: Incompatible color definition on input line 4391.

<images/AGB-Schema.png, id=798, 963.2788pt x 541.8644pt>
File: images/AGB-Schema.png Graphic file (type png)
<use images/AGB-Schema.png>
Package pdftex.def Info: images/AGB-Schema.png  used on input line 4400.
(pdftex.def)             Requested size: 492.00061pt x 276.76059pt.
[91 <./images/AGB-Schema.png>]

LaTeX Warning: Command \' invalid in math mode on input line 4415.


LaTeX Warning: Command \' invalid in math mode on input line 4417.


LaTeX Warning: Command \' invalid in math mode on input line 4417.

<images/AGB-IFN.png, id=811, 849.1725pt x 542.025pt>
File: images/AGB-IFN.png Graphic file (type png)
<use images/AGB-IFN.png>
Package pdftex.def Info: images/AGB-IFN.png  used on input line 4424.
(pdftex.def)             Requested size: 492.0021pt x 314.04388pt.
[92]
Overfull \hbox (234.95456pt too wide) in paragraph at lines 4429--4452
 [][] 
 []


Package xcolor Warning: Incompatible color definition on input line 4458.


Package xcolor Warning: Incompatible color definition on input line 4583.


Package xcolor Warning: Incompatible color definition on input line 4583.


Package xcolor Warning: Incompatible color definition on input line 4583.

[93 <./images/AGB-IFN.png>]

Package xcolor Warning: Incompatible color definition on input line 4583.


Package xcolor Warning: Incompatible color definition on input line 4583.


Underfull \vbox (badness 10000) detected at line 4583
 []


Underfull \vbox (badness 10000) detected at line 4583
 []


Package xcolor Warning: Incompatible color definition on input line 4583.

[94]

Package xcolor Warning: Incompatible color definition on input line 4583.


Package xcolor Warning: Incompatible color definition on input line 4583.


Underfull \vbox (badness 10000) detected at line 4583
 []


Overfull \vbox (2.15083pt too high) detected at line 4583
 []


Package xcolor Warning: Incompatible color definition on input line 4583.

[95]

Package xcolor Warning: Incompatible color definition on input line 4583.


Package xcolor Warning: Incompatible color definition on input line 4583.

<images/AGB-refmap-2015.png, id=844, 965.6075pt x 540.0175pt>
File: images/AGB-refmap-2015.png Graphic file (type png)
<use images/AGB-refmap-2015.png>
Package pdftex.def Info: images/AGB-refmap-2015.png  used on input line 4603.
(pdftex.def)             Requested size: 491.99657pt x 275.14984pt.
[96]
<images/AGB-rawmaps.png, id=855, 789.95125pt x 240.9pt>
File: images/AGB-rawmaps.png Graphic file (type png)
<use images/AGB-rawmaps.png>
Package pdftex.def Info: images/AGB-rawmaps.png  used on input line 4607.
(pdftex.def)             Requested size: 492.00668pt x 150.04015pt.

Package xcolor Warning: Incompatible color definition on input line 4613.


Package xcolor Warning: Incompatible color definition on input line 5141.


Package xcolor Warning: Incompatible color definition on input line 5141.


Package xcolor Warning: Incompatible color definition on input line 5141.

[97 <./images/AGB-refmap-2015.png> <./images/AGB-rawmaps.png>]

Package xcolor Warning: Incompatible color definition on input line 5141.


Package xcolor Warning: Incompatible color definition on input line 5141.


Underfull \vbox (badness 10000) detected at line 5141
 []


Underfull \vbox (badness 10000) detected at line 5141
 []


Package xcolor Warning: Incompatible color definition on input line 5141.

[98]

Package xcolor Warning: Incompatible color definition on input line 5141.


Package xcolor Warning: Incompatible color definition on input line 5141.


Underfull \vbox (badness 10000) detected at line 5141
 []


Underfull \vbox (badness 10000) detected at line 5141
 []


Package xcolor Warning: Incompatible color definition on input line 5141.

[99]

Package xcolor Warning: Incompatible color definition on input line 5141.


Package xcolor Warning: Incompatible color definition on input line 5141.


Underfull \vbox (badness 10000) detected at line 5141
 []


Underfull \vbox (badness 10000) detected at line 5141
 []


Package xcolor Warning: Incompatible color definition on input line 5141.

[100]

Package xcolor Warning: Incompatible color definition on input line 5141.


Package xcolor Warning: Incompatible color definition on input line 5141.


Underfull \vbox (badness 10000) detected at line 5141
 []


Overfull \vbox (0.55223pt too high) detected at line 5141
 []


Package xcolor Warning: Incompatible color definition on input line 5141.

[101]

Package xcolor Warning: Incompatible color definition on input line 5141.


Package xcolor Warning: Incompatible color definition on input line 5141.


Underfull \vbox (badness 10000) detected at line 5141
 []


Underfull \vbox (badness 10000) detected at line 5141
 []


Package xcolor Warning: Incompatible color definition on input line 5141.

[102]

Package xcolor Warning: Incompatible color definition on input line 5141.


Package xcolor Warning: Incompatible color definition on input line 5141.


Underfull \vbox (badness 10000) detected at line 5141
 []


Overfull \vbox (2.2189pt too high) detected at line 5141
 []


Package xcolor Warning: Incompatible color definition on input line 5141.

[103]

Package xcolor Warning: Incompatible color definition on input line 5141.


Package xcolor Warning: Incompatible color definition on input line 5141.


Underfull \vbox (badness 10000) detected at line 5141
 []


Overfull \vbox (2.2189pt too high) detected at line 5141
 []


Package xcolor Warning: Incompatible color definition on input line 5141.

[104]

Package xcolor Warning: Incompatible color definition on input line 5141.


Package xcolor Warning: Incompatible color definition on input line 5141.


Underfull \vbox (badness 10000) detected at line 5141
 []


Overfull \vbox (2.2189pt too high) detected at line 5141
 []


Package xcolor Warning: Incompatible color definition on input line 5141.

[105]

Package xcolor Warning: Incompatible color definition on input line 5141.


Package xcolor Warning: Incompatible color definition on input line 5141.


Underfull \vbox (badness 10000) detected at line 5141
 []


Overfull \vbox (2.21893pt too high) detected at line 5141
 []


Package xcolor Warning: Incompatible color definition on input line 5141.

[106]

Package xcolor Warning: Incompatible color definition on input line 5141.


Package xcolor Warning: Incompatible color definition on input line 5141.


Underfull \vbox (badness 10000) detected at line 5141
 []


Overfull \vbox (2.2189pt too high) detected at line 5141
 []


Package xcolor Warning: Incompatible color definition on input line 5141.

[107]

Package xcolor Warning: Incompatible color definition on input line 5141.


Package xcolor Warning: Incompatible color definition on input line 5141.


Overfull \hbox (22.14517pt too wide) in paragraph at lines 5165--5184
 [][] 
 []

[108]

Package xcolor Warning: Incompatible color definition on input line 5190.


Package xcolor Warning: Incompatible color definition on input line 5410.


Package xcolor Warning: Incompatible color definition on input line 5410.


Package xcolor Warning: Incompatible color definition on input line 5410.

[109]

Package xcolor Warning: Incompatible color definition on input line 5410.


Package xcolor Warning: Incompatible color definition on input line 5410.


Underfull \vbox (badness 10000) detected at line 5410
 []


Underfull \vbox (badness 10000) detected at line 5410
 []


Package xcolor Warning: Incompatible color definition on input line 5410.

[110]

Package xcolor Warning: Incompatible color definition on input line 5410.


Package xcolor Warning: Incompatible color definition on input line 5410.


Underfull \vbox (badness 10000) detected at line 5410
 []


Underfull \vbox (badness 10000) detected at line 5410
 []


Package xcolor Warning: Incompatible color definition on input line 5410.

[111]

Package xcolor Warning: Incompatible color definition on input line 5410.


Package xcolor Warning: Incompatible color definition on input line 5410.


Underfull \vbox (badness 10000) detected at line 5410
 []


Overfull \vbox (1.15501pt too high) detected at line 5410
 []


Package xcolor Warning: Incompatible color definition on input line 5410.

[112]

Package xcolor Warning: Incompatible color definition on input line 5410.


Package xcolor Warning: Incompatible color definition on input line 5410.

(./SNSF-Togo_Manuel.ind)
Package atveryend Info: Empty hook `BeforeClearDocument' on input line 5414.
[113]
Package atveryend Info: Empty hook `AfterLastShipout' on input line 5414.
(./SNSF-Togo_Manuel.aux)
Package atveryend Info: Executing hook `AtVeryEndDocument' on input line 5414.
Package atveryend Info: Executing hook `AtEndAfterFileList' on input line 5414.

Package rerunfilecheck Info: File `SNSF-Togo_Manuel.out' has not changed.
(rerunfilecheck)             Checksum: 494770FEC80011AF2C31AA12D1B19786;5982.
Package atveryend Info: Empty hook `AtVeryVeryEnd' on input line 5414.
 ) 
Here is how much of TeX's memory you used:
 14726 strings out of 482426
 218742 string characters out of 5947414
 572793 words of memory out of 5000000
 29866 multiletter control sequences out of 15000+600000
 590144 words of font info for 62 fonts, out of 8000000 for 9000
 14 hyphenation exceptions out of 8191
 38i,10n,43p,1135b,461s stack positions out of 5000i,500n,10000p,200000b,80000s
{/Users/gro1/Library/TinyTeX/texmf-dist/fonts/enc/dvips/lm/lm-ec.enc}{/Users/
gro1/Library/TinyTeX/texmf-dist/fonts/enc/dvips/lm/lm-rm.enc}{/Users/gro1/Libra
ry/TinyTeX/texmf-dist/fonts/enc/dvips/lm/lm-mathit.enc}{/Users/gro1/Library/Tin
yTeX/texmf-dist/fonts/enc/dvips/lm/lm-mathsy.enc}{/Users/gro1/Library/TinyTeX/t
exmf-dist/fonts/enc/dvips/lm/lm-ts1.enc}</Users/gro1/Library/TinyTeX/texmf-dist
/fonts/type1/public/lm/lmbx10.pfb></Users/gro1/Library/TinyTeX/texmf-dist/fonts
/type1/public/lm/lmbx12.pfb></Users/gro1/Library/TinyTeX/texmf-dist/fonts/type1
/public/lm/lmbx8.pfb></Users/gro1/Library/TinyTeX/texmf-dist/fonts/type1/public
/lm/lmbxi10.pfb></Users/gro1/Library/TinyTeX/texmf-dist/fonts/type1/public/lm/l
mbxo10.pfb></Users/gro1/Library/TinyTeX/texmf-dist/fonts/type1/public/lm/lmmi12
.pfb></Users/gro1/Library/TinyTeX/texmf-dist/fonts/type1/public/lm/lmmi8.pfb></
Users/gro1/Library/TinyTeX/texmf-dist/fonts/type1/public/lm/lmr10.pfb></Users/g
ro1/Library/TinyTeX/texmf-dist/fonts/type1/public/lm/lmr12.pfb></Users/gro1/Lib
rary/TinyTeX/texmf-dist/fonts/type1/public/lm/lmr8.pfb></Users/gro1/Library/Tin
yTeX/texmf-dist/fonts/type1/public/lm/lmri10.pfb></Users/gro1/Library/TinyTeX/t
exmf-dist/fonts/type1/public/lm/lmri12.pfb></Users/gro1/Library/TinyTeX/texmf-d
ist/fonts/type1/public/lm/lmsy10.pfb></Users/gro1/Library/TinyTeX/texmf-dist/fo
nts/type1/public/lm/lmtk10.pfb></Users/gro1/Library/TinyTeX/texmf-dist/fonts/ty
pe1/public/lm/lmtt12.pfb></Users/gro1/Library/TinyTeX/texmf-dist/fonts/type1/pu
blic/lm/lmtti10.pfb>
Output written on SNSF-Togo_Manuel.pdf (113 pages, 14956793 bytes).
PDF statistics:
 1076 PDF objects out of 1200 (max. 8388607)
 870 compressed objects within 9 object streams
 303 named destinations out of 1000 (max. 500000)
 481 words of extra memory for PDF output out of 10000 (max. 10000000)

